[2018-09-11 09:10:28.196] [renderer1] [info] no standard startup: panel is active
[2018-09-11 09:10:28.986] [renderer1] [info] No grammar found for scope text.html.javadoc
[2018-09-11 11:17:33.189] [renderer1] [error] Cannot read property 'lineNumber' of null: TypeError: Cannot read property 'lineNumber' of null
	at Object.e.to (/usr/share/code/resources/app/out/vs/workbench/node/extensionHostProcess.js:678:781)
	at e.provideHover (/usr/share/code/resources/app/out/vs/workbench/node/extensionHostProcess.js:735:357)
	at /usr/share/code/resources/app/out/vs/workbench/node/extensionHostProcess.js:749:940
	at e._withAdapter (/usr/share/code/resources/app/out/vs/workbench/node/extensionHostProcess.js:747:177)
	at e.$provideHover (/usr/share/code/resources/app/out/vs/workbench/node/extensionHostProcess.js:749:902)
	at e._doInvokeHandler (/usr/share/code/resources/app/out/vs/workbench/node/extensionHostProcess.js:671:983)
	at e._invokeHandler (/usr/share/code/resources/app/out/vs/workbench/node/extensionHostProcess.js:671:701)
	at e._receiveRequest (/usr/share/code/resources/app/out/vs/workbench/node/extensionHostProcess.js:670:767)
	at e._receiveOneMessage (/usr/share/code/resources/app/out/vs/workbench/node/extensionHostProcess.js:670:536)
	at /usr/share/code/resources/app/out/vs/workbench/node/extensionHostProcess.js:669:452
	at /usr/share/code/resources/app/out/vs/workbench/node/extensionHostProcess.js:672:575
	at /usr/share/code/resources/app/out/vs/workbench/node/extensionHostProcess.js:96:903
	at e.fire (/usr/share/code/resources/app/out/vs/workbench/node/extensionHostProcess.js:98:218)
	at a (/usr/share/code/resources/app/out/vs/workbench/node/extensionHostProcess.js:162:713)
	at Socket._socketDataListener (/usr/share/code/resources/app/out/vs/workbench/node/extensionHostProcess.js:162:932)
	at emitOne (events.js:116:13)
	at Socket.emit (events.js:211:7)
	at addChunk (_stream_readable.js:263:12)
	at readableAddChunk (_stream_readable.js:250:11)
	at Socket.Readable.push (_stream_readable.js:208:10)
	at Pipe.onread (net.js:594:20)
[2018-09-11 11:26:12.791] [renderer1] [error] Invalid start index: 2: Error: Invalid start index: 2
    at e.splice (file:///usr/share/code/resources/app/out/vs/workbench/workbench.main.js:836:164)
    at file:///usr/share/code/resources/app/out/vs/workbench/workbench.main.js:2092:932
    at <anonymous>
